[2022-11-15 00:25:07:645][main] INFO  com.ono.omg.OmgApplication - Starting OmgApplication using Java 11.0.15.1 on DESKTOP-Q06DNB0 with PID 21416 (C:\git\OMG\out\production\classes started by jaesa in C:\git\OMG)
[2022-11-15 00:25:07:645][background-preinit] INFO  o.h.validator.internal.util.Version - HV000001: Hibernate Validator 6.2.5.Final
[2022-11-15 00:25:07:649][main] INFO  com.ono.omg.OmgApplication - No active profile set, falling back to 1 default profile: "default"
[2022-11-15 00:25:07:1500][main] INFO  o.s.d.r.c.RepositoryConfigurationDelegate - Bootstrapping Spring Data JPA repositories in DEFAULT mode.
[2022-11-15 00:25:08:1580][main] INFO  o.s.d.r.c.RepositoryConfigurationDelegate - Finished Spring Data repository scanning in 75 ms. Found 7 JPA repository interfaces.
[2022-11-15 00:25:08:2117][main] INFO  o.s.b.w.e.tomcat.TomcatWebServer - Tomcat initialized with port(s): 8090 (http)
[2022-11-15 00:25:08:2124][main] INFO  o.a.coyote.http11.Http11NioProtocol - Initializing ProtocolHandler ["http-nio-8090"]
[2022-11-15 00:25:08:2124][main] INFO  o.a.catalina.core.StandardService - Starting service [Tomcat]
[2022-11-15 00:25:08:2125][main] INFO  o.a.catalina.core.StandardEngine - Starting Servlet engine: [Apache Tomcat/9.0.68]
[2022-11-15 00:25:08:2253][main] INFO  o.a.c.c.C.[Tomcat].[localhost].[/] - Initializing Spring embedded WebApplicationContext
[2022-11-15 00:25:08:2253][main] INFO  o.s.b.w.s.c.ServletWebServerApplicationContext - Root WebApplicationContext: initialization completed in 1566 ms
[2022-11-15 00:25:08:2311][main] INFO  com.zaxxer.hikari.HikariDataSource - HikariPool-1 - Starting...
[2022-11-15 00:25:08:2364][main] INFO  com.zaxxer.hikari.HikariDataSource - HikariPool-1 - Start completed.
[2022-11-15 00:25:08:2373][main] INFO  o.s.b.a.h.H2ConsoleAutoConfiguration - H2 console available at '/h2-console'. Database available at 'jdbc:h2:tcp://localhost/~/ono'
[2022-11-15 00:25:08:2482][main] INFO  o.h.jpa.internal.util.LogHelper - HHH000204: Processing PersistenceUnitInfo [name: default]
[2022-11-15 00:25:08:2530][main] INFO  org.hibernate.Version - HHH000412: Hibernate ORM core version 5.6.12.Final
[2022-11-15 00:25:09:2646][main] INFO  o.h.annotations.common.Version - HCANN000001: Hibernate Commons Annotations {5.1.2.Final}
[2022-11-15 00:25:09:2731][main] INFO  org.hibernate.dialect.Dialect - HHH000400: Using dialect: org.hibernate.dialect.H2Dialect
[2022-11-15 00:25:09:3249][main] INFO  p6spy - #1668439509700 | took 1ms | statement | connection 2| url jdbc:h2:tcp://localhost/~/ono

    drop table if exists account CASCADE 

    drop table if exists account CASCADE ;
[2022-11-15 00:25:09:3250][main] INFO  p6spy - #1668439509701 | took 0ms | statement | connection 2| url jdbc:h2:tcp://localhost/~/ono

    drop table if exists cart CASCADE 

    drop table if exists cart CASCADE ;
[2022-11-15 00:25:09:3251][main] INFO  p6spy - #1668439509702 | took 0ms | statement | connection 2| url jdbc:h2:tcp://localhost/~/ono

    drop table if exists coupon CASCADE 

    drop table if exists coupon CASCADE ;
[2022-11-15 00:25:09:3251][main] INFO  p6spy - #1668439509702 | took 0ms | statement | connection 2| url jdbc:h2:tcp://localhost/~/ono

    drop table if exists event CASCADE 

    drop table if exists event CASCADE ;
[2022-11-15 00:25:09:3251][main] INFO  p6spy - #1668439509702 | took 0ms | statement | connection 2| url jdbc:h2:tcp://localhost/~/ono

    drop table if exists likes CASCADE 

    drop table if exists likes CASCADE ;
[2022-11-15 00:25:09:3251][main] INFO  p6spy - #1668439509702 | took 0ms | statement | connection 2| url jdbc:h2:tcp://localhost/~/ono

    drop table if exists orders CASCADE 

    drop table if exists orders CASCADE ;
[2022-11-15 00:25:09:3252][main] INFO  p6spy - #1668439509703 | took 0ms | statement | connection 2| url jdbc:h2:tcp://localhost/~/ono

    drop table if exists product CASCADE 

    drop table if exists product CASCADE ;
[2022-11-15 00:25:09:3252][main] INFO  p6spy - #1668439509703 | took 0ms | statement | connection 2| url jdbc:h2:tcp://localhost/~/ono

    drop table if exists refresh_token CASCADE 

    drop table if exists refresh_token CASCADE ;
[2022-11-15 00:25:09:3252][main] INFO  p6spy - #1668439509703 | took 0ms | statement | connection 2| url jdbc:h2:tcp://localhost/~/ono

    drop table if exists review CASCADE 

    drop table if exists review CASCADE ;
[2022-11-15 00:25:09:3255][main] INFO  p6spy - #1668439509706 | took 1ms | statement | connection 3| url jdbc:h2:tcp://localhost/~/ono

    create table account (
       account_id bigint generated by default as identity,
        created_at timestamp,
        modified_at timestamp,
        grade varchar(255),
        password varchar(255),
        username varchar(255),
        primary key (account_id)
    )

    create table account (
       account_id bigint generated by default as identity,
        created_at timestamp,
        modified_at timestamp,
        grade varchar(255),
        password varchar(255),
        username varchar(255),
        primary key (account_id)
    );
[2022-11-15 00:25:09:3256][main] INFO  p6spy - #1668439509707 | took 0ms | statement | connection 3| url jdbc:h2:tcp://localhost/~/ono

    create table cart (
       id bigint generated by default as identity,
        created_at timestamp,
        modified_at timestamp,
        product_id bigint,
        account_id bigint,
        primary key (id)
    )

    create table cart (
       id bigint generated by default as identity,
        created_at timestamp,
        modified_at timestamp,
        product_id bigint,
        account_id bigint,
        primary key (id)
    );
[2022-11-15 00:25:09:3257][main] INFO  p6spy - #1668439509708 | took 0ms | statement | connection 3| url jdbc:h2:tcp://localhost/~/ono

    create table coupon (
       id bigint generated by default as identity,
        account_id bigint,
        primary key (id)
    )

    create table coupon (
       id bigint generated by default as identity,
        account_id bigint,
        primary key (id)
    );
[2022-11-15 00:25:09:3257][main] INFO  p6spy - #1668439509708 | took 0ms | statement | connection 3| url jdbc:h2:tcp://localhost/~/ono

    create table event (
       id bigint generated by default as identity,
        primary key (id)
    )

    create table event (
       id bigint generated by default as identity,
        primary key (id)
    );
[2022-11-15 00:25:09:3258][main] INFO  p6spy - #1668439509709 | took 0ms | statement | connection 3| url jdbc:h2:tcp://localhost/~/ono

    create table likes (
       id bigint generated by default as identity,
        userid bigint not null,
        product_id bigint,
        primary key (id)
    )

    create table likes (
       id bigint generated by default as identity,
        userid bigint not null,
        product_id bigint,
        primary key (id)
    );
[2022-11-15 00:25:09:3259][main] INFO  p6spy - #1668439509710 | took 0ms | statement | connection 3| url jdbc:h2:tcp://localhost/~/ono

    create table orders (
       id bigint generated by default as identity,
        total_price integer,
        account_id bigint,
        product_id bigint,
        primary key (id)
    )

    create table orders (
       id bigint generated by default as identity,
        total_price integer,
        account_id bigint,
        product_id bigint,
        primary key (id)
    );
[2022-11-15 00:25:09:3260][main] INFO  p6spy - #1668439509711 | took 0ms | statement | connection 3| url jdbc:h2:tcp://localhost/~/ono

    create table product (
       product_id bigint generated by default as identity,
        category varchar(255) not null,
        delivery varchar(255) not null,
        price integer not null,
        stock integer not null,
        title varchar(255) not null,
        userid bigint not null,
        primary key (product_id)
    )

    create table product (
       product_id bigint generated by default as identity,
        category varchar(255) not null,
        delivery varchar(255) not null,
        price integer not null,
        stock integer not null,
        title varchar(255) not null,
        userid bigint not null,
        primary key (product_id)
    );
[2022-11-15 00:25:09:3261][main] INFO  p6spy - #1668439509712 | took 0ms | statement | connection 3| url jdbc:h2:tcp://localhost/~/ono

    create table refresh_token (
       id bigint generated by default as identity,
        created_at timestamp,
        modified_at timestamp,
        refresh_token varchar(255),
        username varchar(255),
        primary key (id)
    )

    create table refresh_token (
       id bigint generated by default as identity,
        created_at timestamp,
        modified_at timestamp,
        refresh_token varchar(255),
        username varchar(255),
        primary key (id)
    );
[2022-11-15 00:25:09:3261][main] INFO  p6spy - #1668439509712 | took 0ms | statement | connection 3| url jdbc:h2:tcp://localhost/~/ono

    create table review (
       id bigint generated by default as identity,
        created_at timestamp,
        modified_at timestamp,
        review_content varchar(255),
        user_id bigint,
        product_id bigint,
        primary key (id)
    )

    create table review (
       id bigint generated by default as identity,
        created_at timestamp,
        modified_at timestamp,
        review_content varchar(255),
        user_id bigint,
        product_id bigint,
        primary key (id)
    );
[2022-11-15 00:25:09:3262][main] INFO  p6spy - #1668439509713 | took 1ms | statement | connection 3| url jdbc:h2:tcp://localhost/~/ono

    alter table cart 
       add constraint FK4pljlvncf45mr98etwpubxvbt 
       foreign key (account_id) 
       references account

    alter table cart 
       add constraint FK4pljlvncf45mr98etwpubxvbt 
       foreign key (account_id) 
       references account;
[2022-11-15 00:25:09:3263][main] INFO  p6spy - #1668439509714 | took 0ms | statement | connection 3| url jdbc:h2:tcp://localhost/~/ono

    alter table coupon 
       add constraint FKfh5cx2k6kh8rpb9l5t0a24xxi 
       foreign key (account_id) 
       references account

    alter table coupon 
       add constraint FKfh5cx2k6kh8rpb9l5t0a24xxi 
       foreign key (account_id) 
       references account;
[2022-11-15 00:25:09:3266][main] INFO  p6spy - #1668439509717 | took 3ms | statement | connection 3| url jdbc:h2:tcp://localhost/~/ono

    alter table likes 
       add constraint FKbt06f6qrlpr663ng2qlb0gvu8 
       foreign key (product_id) 
       references product

    alter table likes 
       add constraint FKbt06f6qrlpr663ng2qlb0gvu8 
       foreign key (product_id) 
       references product;
[2022-11-15 00:25:09:3267][main] INFO  p6spy - #1668439509718 | took 0ms | statement | connection 3| url jdbc:h2:tcp://localhost/~/ono

    alter table orders 
       add constraint FK3c7gbsfawn58r27cf5b2km72f 
       foreign key (account_id) 
       references account

    alter table orders 
       add constraint FK3c7gbsfawn58r27cf5b2km72f 
       foreign key (account_id) 
       references account;
[2022-11-15 00:25:09:3271][main] INFO  p6spy - #1668439509722 | took 3ms | statement | connection 3| url jdbc:h2:tcp://localhost/~/ono

    alter table orders 
       add constraint FK787ibr3guwp6xobrpbofnv7le 
       foreign key (product_id) 
       references product

    alter table orders 
       add constraint FK787ibr3guwp6xobrpbofnv7le 
       foreign key (product_id) 
       references product;
[2022-11-15 00:25:09:3272][main] INFO  p6spy - #1668439509723 | took 0ms | statement | connection 3| url jdbc:h2:tcp://localhost/~/ono

    alter table review 
       add constraint FKiyof1sindb9qiqr9o8npj8klt 
       foreign key (product_id) 
       references product

    alter table review 
       add constraint FKiyof1sindb9qiqr9o8npj8klt 
       foreign key (product_id) 
       references product;
[2022-11-15 00:25:09:3274][main] INFO  o.h.e.t.j.p.i.JtaPlatformInitiator - HHH000490: Using JtaPlatform implementation: [org.hibernate.engine.transaction.jta.platform.internal.NoJtaPlatform]
[2022-11-15 00:25:09:3281][main] INFO  o.s.o.j.LocalContainerEntityManagerFactoryBean - Initialized JPA EntityManagerFactory for persistence unit 'default'
[2022-11-15 00:25:10:4145][main] INFO  o.s.s.web.DefaultSecurityFilterChain - Will secure any request with [org.springframework.security.web.session.DisableEncodeUrlFilter@55e02661, org.springframework.security.web.context.request.async.WebAsyncManagerIntegrationFilter@7f38545a, org.springframework.security.web.context.SecurityContextPersistenceFilter@9120cb5, org.springframework.security.web.header.HeaderWriterFilter@2446597e, org.springframework.web.filter.CorsFilter@549be307, org.springframework.security.web.authentication.logout.LogoutFilter@16160a37, com.ono.omg.security.jwt.JwtAuthFilter@d03cdc7, org.springframework.security.web.savedrequest.RequestCacheAwareFilter@5f93ec02, org.springframework.security.web.servletapi.SecurityContextHolderAwareRequestFilter@57cc0333, org.springframework.security.web.authentication.AnonymousAuthenticationFilter@59043128, org.springframework.security.web.session.SessionManagementFilter@7aad7df5, org.springframework.security.web.access.ExceptionTranslationFilter@761ea1f5, org.springframework.security.web.access.intercept.FilterSecurityInterceptor@627cb3ed]
[2022-11-15 00:25:10:4150][main] INFO  o.s.s.web.DefaultSecurityFilterChain - Will not secure Ant [pattern='/h2-console/**']
[2022-11-15 00:25:10:4151][main] INFO  o.s.s.web.DefaultSecurityFilterChain - Will not secure Ant [pattern='/v2/api-docs']
[2022-11-15 00:25:10:4152][main] INFO  o.s.s.web.DefaultSecurityFilterChain - Will not secure Ant [pattern='/v3/api-docs']
[2022-11-15 00:25:10:4152][main] INFO  o.s.s.web.DefaultSecurityFilterChain - Will not secure Ant [pattern='/configuration/ui']
[2022-11-15 00:25:10:4152][main] INFO  o.s.s.web.DefaultSecurityFilterChain - Will not secure Ant [pattern='/swagger-resources/**']
[2022-11-15 00:25:10:4153][main] INFO  o.s.s.web.DefaultSecurityFilterChain - Will not secure Ant [pattern='/swagger-ui/**']
[2022-11-15 00:25:10:4153][main] INFO  o.s.s.web.DefaultSecurityFilterChain - Will not secure Ant [pattern='/configuration/security']
[2022-11-15 00:25:10:4153][main] INFO  o.s.s.web.DefaultSecurityFilterChain - Will not secure Ant [pattern='/swagger-ui.html']
[2022-11-15 00:25:10:4153][main] INFO  o.s.s.web.DefaultSecurityFilterChain - Will not secure Ant [pattern='/webjars/**']
[2022-11-15 00:25:10:4153][main] INFO  o.s.s.web.DefaultSecurityFilterChain - Will not secure Ant [pattern='/swagger/**']
[2022-11-15 00:25:10:4429][main] INFO  o.a.coyote.http11.Http11NioProtocol - Starting ProtocolHandler ["http-nio-8090"]
[2022-11-15 00:25:10:4445][main] INFO  o.s.b.w.e.tomcat.TomcatWebServer - Tomcat started on port(s): 8090 (http) with context path ''
[2022-11-15 00:25:11:4750][main] INFO  com.ono.omg.OmgApplication - Started OmgApplication in 4.562 seconds (JVM running for 5.39)
[2022-11-15 00:25:58:51948][http-nio-8090-exec-2] INFO  o.a.c.c.C.[Tomcat].[localhost].[/] - Initializing Spring DispatcherServlet 'dispatcherServlet'
[2022-11-15 00:25:58:51948][http-nio-8090-exec-2] INFO  o.s.web.servlet.DispatcherServlet - Initializing Servlet 'dispatcherServlet'
[2022-11-15 00:25:58:51950][http-nio-8090-exec-2] INFO  o.s.web.servlet.DispatcherServlet - Completed initialization in 1 ms
[2022-11-15 00:25:58:52097][http-nio-8090-exec-2] INFO  p6spy - #1668439558548 | took 5ms | statement | connection 4| url jdbc:h2:tcp://localhost/~/ono
select account0_.account_id as account_1_0_, account0_.created_at as created_2_0_, account0_.modified_at as modified3_0_, account0_.grade as grade4_0_, account0_.password as password5_0_, account0_.username as username6_0_ from account account0_ where account0_.username=?
select account0_.account_id as account_1_0_, account0_.created_at as created_2_0_, account0_.modified_at as modified3_0_, account0_.grade as grade4_0_, account0_.password as password5_0_, account0_.username as username6_0_ from account account0_ where account0_.username='hello';
[2022-11-15 00:25:58:52248][http-nio-8090-exec-2] INFO  p6spy - #1668439558699 | took 9ms | statement | connection 4| url jdbc:h2:tcp://localhost/~/ono
insert into account (account_id, created_at, modified_at, grade, password, username) values (default, ?, ?, ?, ?, ?)
insert into account (account_id, created_at, modified_at, grade, password, username) values (default, '2022-11-15T00:25:58.659+0900', '2022-11-15T00:25:58.659+0900', 'ROLE_USER', '$2a$10$nfky5cvEzcvrlrD8qa3JG.QJVmSFPN8..ItiF1MYkEyIXQNP49zgi', 'hello');
[2022-11-15 00:25:58:52256][http-nio-8090-exec-2] INFO  p6spy - #1668439558707 | took 0ms | commit | connection 4| url jdbc:h2:tcp://localhost/~/ono

;
[2022-11-15 00:29:27:261383][http-nio-8090-exec-5] INFO  c.ono.omg.security.jwt.JwtAuthFilter - ====== JwtAuthFilter.doFilterInternal.accessToken.tokenValidation == false =====
[2022-11-15 00:33:05:478930][SpringApplicationShutdownHook] INFO  o.s.o.j.LocalContainerEntityManagerFactoryBean - Closing JPA EntityManagerFactory for persistence unit 'default'
[2022-11-15 00:33:05:478932][SpringApplicationShutdownHook] INFO  com.zaxxer.hikari.HikariDataSource - HikariPool-1 - Shutdown initiated...
[2022-11-15 00:33:05:478942][SpringApplicationShutdownHook] INFO  com.zaxxer.hikari.HikariDataSource - HikariPool-1 - Shutdown completed.
[2022-11-15 00:33:08:636][background-preinit] INFO  o.h.validator.internal.util.Version - HV000001: Hibernate Validator 6.2.5.Final
[2022-11-15 00:33:08:637][main] INFO  com.ono.omg.OmgApplication - Starting OmgApplication using Java 11.0.15.1 on DESKTOP-Q06DNB0 with PID 10728 (C:\git\OMG\out\production\classes started by jaesa in C:\git\OMG)
[2022-11-15 00:33:08:639][main] INFO  com.ono.omg.OmgApplication - No active profile set, falling back to 1 default profile: "default"
[2022-11-15 00:33:09:1470][main] INFO  o.s.d.r.c.RepositoryConfigurationDelegate - Bootstrapping Spring Data JPA repositories in DEFAULT mode.
[2022-11-15 00:33:09:1544][main] INFO  o.s.d.r.c.RepositoryConfigurationDelegate - Finished Spring Data repository scanning in 69 ms. Found 7 JPA repository interfaces.
[2022-11-15 00:33:10:2089][main] INFO  o.s.b.w.e.tomcat.TomcatWebServer - Tomcat initialized with port(s): 8090 (http)
[2022-11-15 00:33:10:2100][main] INFO  o.a.coyote.http11.Http11NioProtocol - Initializing ProtocolHandler ["http-nio-8090"]
[2022-11-15 00:33:10:2100][main] INFO  o.a.catalina.core.StandardService - Starting service [Tomcat]
[2022-11-15 00:33:10:2101][main] INFO  o.a.catalina.core.StandardEngine - Starting Servlet engine: [Apache Tomcat/9.0.68]
[2022-11-15 00:33:10:2238][main] INFO  o.a.c.c.C.[Tomcat].[localhost].[/] - Initializing Spring embedded WebApplicationContext
[2022-11-15 00:33:10:2238][main] INFO  o.s.b.w.s.c.ServletWebServerApplicationContext - Root WebApplicationContext: initialization completed in 1555 ms
[2022-11-15 00:33:10:2289][main] INFO  com.zaxxer.hikari.HikariDataSource - HikariPool-1 - Starting...
[2022-11-15 00:33:10:2346][main] INFO  com.zaxxer.hikari.HikariDataSource - HikariPool-1 - Start completed.
[2022-11-15 00:33:10:2356][main] INFO  o.s.b.a.h.H2ConsoleAutoConfiguration - H2 console available at '/h2-console'. Database available at 'jdbc:h2:tcp://localhost/~/ono'
[2022-11-15 00:33:10:2455][main] INFO  o.h.jpa.internal.util.LogHelper - HHH000204: Processing PersistenceUnitInfo [name: default]
[2022-11-15 00:33:10:2522][main] INFO  org.hibernate.Version - HHH000412: Hibernate ORM core version 5.6.12.Final
[2022-11-15 00:33:10:2649][main] INFO  o.h.annotations.common.Version - HCANN000001: Hibernate Commons Annotations {5.1.2.Final}
[2022-11-15 00:33:10:2746][main] INFO  org.hibernate.dialect.Dialect - HHH000400: Using dialect: org.hibernate.dialect.H2Dialect
[2022-11-15 00:33:11:3636][main] INFO  p6spy - #1668439991838 | took 3ms | statement | connection 2| url jdbc:h2:tcp://localhost/~/ono

    drop table if exists account CASCADE 

    drop table if exists account CASCADE ;
[2022-11-15 00:33:11:3637][main] INFO  p6spy - #1668439991839 | took 0ms | statement | connection 2| url jdbc:h2:tcp://localhost/~/ono

    drop table if exists cart CASCADE 

    drop table if exists cart CASCADE ;
[2022-11-15 00:33:11:3637][main] INFO  p6spy - #1668439991839 | took 0ms | statement | connection 2| url jdbc:h2:tcp://localhost/~/ono

    drop table if exists coupon CASCADE 

    drop table if exists coupon CASCADE ;
[2022-11-15 00:33:11:3637][main] INFO  p6spy - #1668439991839 | took 0ms | statement | connection 2| url jdbc:h2:tcp://localhost/~/ono

    drop table if exists event CASCADE 

    drop table if exists event CASCADE ;
[2022-11-15 00:33:11:3638][main] INFO  p6spy - #1668439991840 | took 0ms | statement | connection 2| url jdbc:h2:tcp://localhost/~/ono

    drop table if exists likes CASCADE 

    drop table if exists likes CASCADE ;
[2022-11-15 00:33:11:3638][main] INFO  p6spy - #1668439991840 | took 0ms | statement | connection 2| url jdbc:h2:tcp://localhost/~/ono

    drop table if exists orders CASCADE 

    drop table if exists orders CASCADE ;
[2022-11-15 00:33:11:3639][main] INFO  p6spy - #1668439991841 | took 0ms | statement | connection 2| url jdbc:h2:tcp://localhost/~/ono

    drop table if exists product CASCADE 

    drop table if exists product CASCADE ;
[2022-11-15 00:33:11:3640][main] INFO  p6spy - #1668439991842 | took 0ms | statement | connection 2| url jdbc:h2:tcp://localhost/~/ono

    drop table if exists refresh_token CASCADE 

    drop table if exists refresh_token CASCADE ;
[2022-11-15 00:33:11:3640][main] INFO  p6spy - #1668439991842 | took 0ms | statement | connection 2| url jdbc:h2:tcp://localhost/~/ono

    drop table if exists review CASCADE 

    drop table if exists review CASCADE ;
[2022-11-15 00:33:11:3644][main] INFO  p6spy - #1668439991846 | took 0ms | statement | connection 3| url jdbc:h2:tcp://localhost/~/ono

    create table account (
       account_id bigint generated by default as identity,
        created_at timestamp,
        modified_at timestamp,
        grade varchar(255),
        password varchar(255),
        username varchar(255),
        primary key (account_id)
    )

    create table account (
       account_id bigint generated by default as identity,
        created_at timestamp,
        modified_at timestamp,
        grade varchar(255),
        password varchar(255),
        username varchar(255),
        primary key (account_id)
    );
[2022-11-15 00:33:11:3644][main] INFO  p6spy - #1668439991846 | took 0ms | statement | connection 3| url jdbc:h2:tcp://localhost/~/ono

    create table cart (
       id bigint generated by default as identity,
        created_at timestamp,
        modified_at timestamp,
        product_id bigint,
        account_id bigint,
        primary key (id)
    )

    create table cart (
       id bigint generated by default as identity,
        created_at timestamp,
        modified_at timestamp,
        product_id bigint,
        account_id bigint,
        primary key (id)
    );
[2022-11-15 00:33:11:3646][main] INFO  p6spy - #1668439991848 | took 1ms | statement | connection 3| url jdbc:h2:tcp://localhost/~/ono

    create table coupon (
       id bigint generated by default as identity,
        account_id bigint,
        primary key (id)
    )

    create table coupon (
       id bigint generated by default as identity,
        account_id bigint,
        primary key (id)
    );
[2022-11-15 00:33:11:3646][main] INFO  p6spy - #1668439991848 | took 0ms | statement | connection 3| url jdbc:h2:tcp://localhost/~/ono

    create table event (
       id bigint generated by default as identity,
        primary key (id)
    )

    create table event (
       id bigint generated by default as identity,
        primary key (id)
    );
[2022-11-15 00:33:11:3647][main] INFO  p6spy - #1668439991849 | took 0ms | statement | connection 3| url jdbc:h2:tcp://localhost/~/ono

    create table likes (
       id bigint generated by default as identity,
        userid bigint not null,
        product_id bigint,
        primary key (id)
    )

    create table likes (
       id bigint generated by default as identity,
        userid bigint not null,
        product_id bigint,
        primary key (id)
    );
[2022-11-15 00:33:11:3648][main] INFO  p6spy - #1668439991850 | took 0ms | statement | connection 3| url jdbc:h2:tcp://localhost/~/ono

    create table orders (
       id bigint generated by default as identity,
        total_price integer,
        account_id bigint,
        product_id bigint,
        primary key (id)
    )

    create table orders (
       id bigint generated by default as identity,
        total_price integer,
        account_id bigint,
        product_id bigint,
        primary key (id)
    );
[2022-11-15 00:33:11:3648][main] INFO  p6spy - #1668439991850 | took 0ms | statement | connection 3| url jdbc:h2:tcp://localhost/~/ono

    create table product (
       product_id bigint generated by default as identity,
        category varchar(255) not null,
        delivery varchar(255) not null,
        price integer not null,
        stock integer not null,
        title varchar(255) not null,
        userid bigint not null,
        primary key (product_id)
    )

    create table product (
       product_id bigint generated by default as identity,
        category varchar(255) not null,
        delivery varchar(255) not null,
        price integer not null,
        stock integer not null,
        title varchar(255) not null,
        userid bigint not null,
        primary key (product_id)
    );
[2022-11-15 00:33:11:3650][main] INFO  p6spy - #1668439991852 | took 0ms | statement | connection 3| url jdbc:h2:tcp://localhost/~/ono

    create table refresh_token (
       id bigint generated by default as identity,
        created_at timestamp,
        modified_at timestamp,
        refresh_token varchar(255),
        username varchar(255),
        primary key (id)
    )

    create table refresh_token (
       id bigint generated by default as identity,
        created_at timestamp,
        modified_at timestamp,
        refresh_token varchar(255),
        username varchar(255),
        primary key (id)
    );
[2022-11-15 00:33:11:3650][main] INFO  p6spy - #1668439991852 | took 0ms | statement | connection 3| url jdbc:h2:tcp://localhost/~/ono

    create table review (
       id bigint generated by default as identity,
        created_at timestamp,
        modified_at timestamp,
        review_content varchar(255),
        user_id bigint,
        product_id bigint,
        primary key (id)
    )

    create table review (
       id bigint generated by default as identity,
        created_at timestamp,
        modified_at timestamp,
        review_content varchar(255),
        user_id bigint,
        product_id bigint,
        primary key (id)
    );
[2022-11-15 00:33:11:3652][main] INFO  p6spy - #1668439991854 | took 1ms | statement | connection 3| url jdbc:h2:tcp://localhost/~/ono

    alter table cart 
       add constraint FK4pljlvncf45mr98etwpubxvbt 
       foreign key (account_id) 
       references account

    alter table cart 
       add constraint FK4pljlvncf45mr98etwpubxvbt 
       foreign key (account_id) 
       references account;
[2022-11-15 00:33:11:3653][main] INFO  p6spy - #1668439991855 | took 1ms | statement | connection 3| url jdbc:h2:tcp://localhost/~/ono

    alter table coupon 
       add constraint FKfh5cx2k6kh8rpb9l5t0a24xxi 
       foreign key (account_id) 
       references account

    alter table coupon 
       add constraint FKfh5cx2k6kh8rpb9l5t0a24xxi 
       foreign key (account_id) 
       references account;
[2022-11-15 00:33:11:3654][main] INFO  p6spy - #1668439991856 | took 0ms | statement | connection 3| url jdbc:h2:tcp://localhost/~/ono

    alter table likes 
       add constraint FKbt06f6qrlpr663ng2qlb0gvu8 
       foreign key (product_id) 
       references product

    alter table likes 
       add constraint FKbt06f6qrlpr663ng2qlb0gvu8 
       foreign key (product_id) 
       references product;
[2022-11-15 00:33:11:3656][main] INFO  p6spy - #1668439991858 | took 2ms | statement | connection 3| url jdbc:h2:tcp://localhost/~/ono

    alter table orders 
       add constraint FK3c7gbsfawn58r27cf5b2km72f 
       foreign key (account_id) 
       references account

    alter table orders 
       add constraint FK3c7gbsfawn58r27cf5b2km72f 
       foreign key (account_id) 
       references account;
[2022-11-15 00:33:11:3657][main] INFO  p6spy - #1668439991859 | took 0ms | statement | connection 3| url jdbc:h2:tcp://localhost/~/ono

    alter table orders 
       add constraint FK787ibr3guwp6xobrpbofnv7le 
       foreign key (product_id) 
       references product

    alter table orders 
       add constraint FK787ibr3guwp6xobrpbofnv7le 
       foreign key (product_id) 
       references product;
[2022-11-15 00:33:11:3658][main] INFO  p6spy - #1668439991860 | took 0ms | statement | connection 3| url jdbc:h2:tcp://localhost/~/ono

    alter table review 
       add constraint FKiyof1sindb9qiqr9o8npj8klt 
       foreign key (product_id) 
       references product

    alter table review 
       add constraint FKiyof1sindb9qiqr9o8npj8klt 
       foreign key (product_id) 
       references product;
[2022-11-15 00:33:11:3660][main] INFO  o.h.e.t.j.p.i.JtaPlatformInitiator - HHH000490: Using JtaPlatform implementation: [org.hibernate.engine.transaction.jta.platform.internal.NoJtaPlatform]
[2022-11-15 00:33:11:3667][main] INFO  o.s.o.j.LocalContainerEntityManagerFactoryBean - Initialized JPA EntityManagerFactory for persistence unit 'default'
[2022-11-15 00:33:12:4550][main] INFO  o.s.s.web.DefaultSecurityFilterChain - Will secure any request with [org.springframework.security.web.session.DisableEncodeUrlFilter@e6fbf82, org.springframework.security.web.context.request.async.WebAsyncManagerIntegrationFilter@55d776ac, org.springframework.security.web.context.SecurityContextPersistenceFilter@7aad7df5, org.springframework.security.web.header.HeaderWriterFilter@f047670, org.springframework.web.filter.CorsFilter@1de6f29d, org.springframework.security.web.authentication.logout.LogoutFilter@7c7a4986, com.ono.omg.security.jwt.JwtAuthFilter@488c608a, org.springframework.security.web.savedrequest.RequestCacheAwareFilter@69cc3370, org.springframework.security.web.servletapi.SecurityContextHolderAwareRequestFilter@9120cb5, org.springframework.security.web.authentication.AnonymousAuthenticationFilter@3b6c55b6, org.springframework.security.web.session.SessionManagementFilter@27d44578, org.springframework.security.web.access.ExceptionTranslationFilter@5bb45afc, org.springframework.security.web.access.intercept.FilterSecurityInterceptor@7afac89a]
[2022-11-15 00:33:12:4557][main] INFO  o.s.s.web.DefaultSecurityFilterChain - Will not secure Ant [pattern='/h2-console/**']
[2022-11-15 00:33:12:4557][main] INFO  o.s.s.web.DefaultSecurityFilterChain - Will not secure Ant [pattern='/v2/api-docs']
[2022-11-15 00:33:12:4558][main] INFO  o.s.s.web.DefaultSecurityFilterChain - Will not secure Ant [pattern='/v3/api-docs']
[2022-11-15 00:33:12:4558][main] INFO  o.s.s.web.DefaultSecurityFilterChain - Will not secure Ant [pattern='/configuration/ui']
[2022-11-15 00:33:12:4558][main] INFO  o.s.s.web.DefaultSecurityFilterChain - Will not secure Ant [pattern='/swagger-resources/**']
[2022-11-15 00:33:12:4558][main] INFO  o.s.s.web.DefaultSecurityFilterChain - Will not secure Ant [pattern='/swagger-ui/**']
[2022-11-15 00:33:12:4558][main] INFO  o.s.s.web.DefaultSecurityFilterChain - Will not secure Ant [pattern='/configuration/security']
[2022-11-15 00:33:12:4558][main] INFO  o.s.s.web.DefaultSecurityFilterChain - Will not secure Ant [pattern='/swagger-ui.html']
[2022-11-15 00:33:12:4559][main] INFO  o.s.s.web.DefaultSecurityFilterChain - Will not secure Ant [pattern='/webjars/**']
[2022-11-15 00:33:12:4559][main] INFO  o.s.s.web.DefaultSecurityFilterChain - Will not secure Ant [pattern='/swagger/**']
[2022-11-15 00:33:13:4863][main] INFO  o.a.coyote.http11.Http11NioProtocol - Starting ProtocolHandler ["http-nio-8090"]
[2022-11-15 00:33:13:4878][main] INFO  o.s.b.w.e.tomcat.TomcatWebServer - Tomcat started on port(s): 8090 (http) with context path ''
[2022-11-15 00:33:13:5183][main] INFO  com.ono.omg.OmgApplication - Started OmgApplication in 5.004 seconds (JVM running for 5.933)
[2022-11-15 01:27:24:3255920][SpringApplicationShutdownHook] INFO  o.s.o.j.LocalContainerEntityManagerFactoryBean - Closing JPA EntityManagerFactory for persistence unit 'default'
[2022-11-15 01:27:24:3255956][SpringApplicationShutdownHook] INFO  com.zaxxer.hikari.HikariDataSource - HikariPool-1 - Shutdown initiated...
[2022-11-15 01:27:24:3255978][SpringApplicationShutdownHook] INFO  com.zaxxer.hikari.HikariDataSource - HikariPool-1 - Shutdown completed.
